<?xml version="1.0" encoding="UTF-8"?>
<testng-results skipped="0" failed="0" ignored="0" total="1" passed="1">
  <reporter-output>
  </reporter-output>
  <suite name="IMSS_P1.demo.pgmTest" duration-ms="21851" started-at="2018-07-26T10:10:41Z" finished-at="2018-07-26T10:11:03Z">
    <groups>
    </groups>
    <test name="Command line test" duration-ms="21851" started-at="2018-07-26T10:10:41Z" finished-at="2018-07-26T10:11:03Z">
      <class name="IMSS_P1.demo.pgmTest">
        <test-method status="PASS" signature="url()[pri:0, instance:IMSS_P1.demo.pgmTest@1a03464]" name="url" duration-ms="21800" started-at="2018-07-26T10:10:41Z" finished-at="2018-07-26T10:11:03Z">
          <reporter-output>
          </reporter-output>
        </test-method> <!-- url -->
      </class> <!-- IMSS_P1.demo.pgmTest -->
    </test> <!-- Command line test -->
  </suite> <!-- IMSS_P1.demo.pgmTest -->
</testng-results>
